INFO:omxplayer.player:OMXPlayer process is dead, all DBus calls from here will fail
INFO:omxplayer.player:OMXPlayer process is dead, all DBus calls from here will fail
INFO:omxplayer.player:OMXPlayer process is dead, all DBus calls from here will fail
INFO:Rasha_PL:1:Pause
INFO:omxplayer.player:Playing?: False
INFO:Rasha_PL:1:Play
INFO:Rasha_PL:1:Play
INFO:omxplayer.player:OMXPlayer process is dead, all DBus calls from here will fail
INFO:omxplayer.player:OMXPlayer process is dead, all DBus calls from here will fail
INFO:omxplayer.player:OMXPlayer process is dead, all DBus calls from here will fail
INFO:Rasha_PL:1:Pause
INFO:omxplayer.player:Playing?: False
INFO:Rasha_PL:1:Play
INFO:Rasha_PL:1:Play
INFO:omxplayer.player:OMXPlayer process is dead, all DBus calls from here will fail
INFO:Rasha_PL:1:Pause
INFO:omxplayer.player:Playing?: False
INFO:Rasha_PL:1:Play
INFO:Rasha_PL:1:Play
INFO:omxplayer.player:OMXPlayer process is dead, all DBus calls from here will fail
INFO:omxplayer.player:OMXPlayer process is dead, all DBus calls from here will fail
INFO:omxplayer.player:OMXPlayer process is dead, all DBus calls from here will fail
INFO:Rasha_PL:1:Pause
INFO:omxplayer.player:Playing?: False
INFO:Rasha_PL:1:Play
INFO:Rasha_PL:1:Play
INFO:omxplayer.player:OMXPlayer process is dead, all DBus calls from here will fail
INFO:omxplayer.player:OMXPlayer process is dead, all DBus calls from here will fail
INFO:Rasha_PL:1:Pause
INFO:omxplayer.player:Playing?: False
INFO:Rasha_PL:1:Play
INFO:Rasha_PL:1:Play
INFO:omxplayer.player:OMXPlayer process is dead, all DBus calls from here will fail
INFO:Rasha_PL:1:Pause
INFO:omxplayer.player:Playing?: False
INFO:Rasha_PL:1:Play
INFO:Rasha_PL:1:Play
INFO:omxplayer.player:OMXPlayer process is dead, all DBus calls from here will fail
INFO:omxplayer.player:Playing?: False
INFO:Rasha_PL:1:Play
INFO:Rasha_PL:1:Play
INFO:omxplayer.player:Playing?: False
INFO:omxplayer.player:OMXPlayer process is dead, all DBus calls from here will fail
INFO:omxplayer.player:Playing?: False
INFO:Rasha_PL:1:Play
INFO:Rasha_PL:1:Play
INFO:omxplayer.player:Playing?: False
INFO:omxplayer.player:Playing?: False
INFO:omxplayer.player:OMXPlayer process is dead, all DBus calls from here will fail
INFO:Rasha_PL:1:Pause
INFO:omxplayer.player:Playing?: False
INFO:Rasha_PL:1:Play
INFO:Rasha_PL:1:Play
INFO:omxplayer.player:Playing?: True
INFO:omxplayer.player:Playing?: True
INFO:omxplayer.player:OMXPlayer process is dead, all DBus calls from here will fail
INFO:Rasha_PL:1:Pause
INFO:omxplayer.player:Playing?: False
INFO:Rasha_PL:1:Play
INFO:Rasha_PL:1:Play
INFO:omxplayer.player:Playing?: True
INFO:omxplayer.player:Playing?: True
INFO:omxplayer.player:OMXPlayer process is dead, all DBus calls from here will fail
INFO:Rasha_PL:1:Pause
INFO:omxplayer.player:Playing?: False
INFO:Rasha_PL:1:Play
INFO:Rasha_PL:1:Play
INFO:omxplayer.player:Playing?: True
INFO:omxplayer.player:Playing?: True
INFO:omxplayer.player:OMXPlayer process is dead, all DBus calls from here will fail
INFO:Rasha_PL:1:Pause
INFO:omxplayer.player:Playing?: False
INFO:Rasha_PL:1:Play
INFO:Rasha_PL:1:Play
INFO:omxplayer.player:Playing?: True
INFO:omxplayer.player:Playing?: True
INFO:omxplayer.player:OMXPlayer process is dead, all DBus calls from here will fail
INFO:Rasha_PL:1:Pause
INFO:omxplayer.player:Playing?: False
INFO:Rasha_PL:1:Play
INFO:Rasha_PL:1:Play
INFO:omxplayer.player:Playing?: True
INFO:omxplayer.player:Playing?: True
INFO:omxplayer.player:OMXPlayer process is dead, all DBus calls from here will fail
INFO:omxplayer.player:OMXPlayer process is dead, all DBus calls from here will fail
INFO:Rasha_PL:1:Pause
INFO:omxplayer.player:Playing?: False
INFO:Rasha_PL:1:Play
INFO:Rasha_PL:1:Play
INFO:omxplayer.player:Playing?: True
INFO:omxplayer.player:Playing?: True
INFO:omxplayer.player:OMXPlayer process is dead, all DBus calls from here will fail
INFO:Rasha_PL:1:Pause
INFO:omxplayer.player:Playing?: False
INFO:Rasha_PL:1:Play
INFO:Rasha_PL:1:Play
INFO:omxplayer.player:Playing?: True
INFO:omxplayer.player:Playing?: True
INFO:omxplayer.player:Playing?: True
INFO:omxplayer.player:Playing?: True
INFO:omxplayer.player:Playing?: True
INFO:omxplayer.player:Playing?: True
INFO:omxplayer.player:OMXPlayer process is dead, all DBus calls from here will fail
ERROR:omxplayer.player:Could not find the process to kill
INFO:Rasha_PL:1:Pause
INFO:omxplayer.player:Playing?: False
INFO:Rasha_PL:1:Play
INFO:Rasha_PL:1:Play
INFO:omxplayer.player:Playing?: True
INFO:omxplayer.player:Playing?: True
INFO:omxplayer.player:OMXPlayer process is dead, all DBus calls from here will fail
INFO:Rasha_PL:1:Pause
INFO:omxplayer.player:Playing?: False
INFO:Rasha_PL:1:Play
INFO:Rasha_PL:1:Play
INFO:omxplayer.player:Playing?: True
INFO:omxplayer.player:Playing?: True
INFO:omxplayer.player:Playing?: True
INFO:omxplayer.player:OMXPlayer process is dead, all DBus calls from here will fail
INFO:Rasha_PL:1:Pause
INFO:omxplayer.player:Playing?: False
INFO:Rasha_PL:1:Play
INFO:Rasha_PL:1:Play
INFO:omxplayer.player:Playing?: True
INFO:omxplayer.player:Playing?: True
INFO:omxplayer.player:OMXPlayer process is dead, all DBus calls from here will fail
INFO:omxplayer.player:OMXPlayer process is dead, all DBus calls from here will fail
INFO:Rasha_PL:1:Pause
INFO:omxplayer.player:Playing?: False
INFO:Rasha_PL:1:Play
INFO:Rasha_PL:1:Play
INFO:omxplayer.player:Playing?: True
INFO:omxplayer.player:Playing?: True
INFO:omxplayer.player:Playing?: True
INFO:omxplayer.player:Playing?: True
INFO:omxplayer.player:Playing?: True
INFO:omxplayer.player:Playing?: True
INFO:omxplayer.player:OMXPlayer process is dead, all DBus calls from here will fail
ERROR:omxplayer.player:Could not find the process to kill
INFO:Rasha_PL:1:Pause
INFO:omxplayer.player:Playing?: False
INFO:Rasha_PL:1:Play
INFO:Rasha_PL:1:Play
INFO:omxplayer.player:Playing?: True
INFO:omxplayer.player:Playing?: True
INFO:omxplayer.player:Playing?: True
INFO:omxplayer.player:OMXPlayer process is dead, all DBus calls from here will fail
INFO:Rasha_PL:1:Pause
INFO:omxplayer.player:Playing?: False
INFO:Rasha_PL:1:Play
INFO:Rasha_PL:1:Play
INFO:omxplayer.player:Playing?: True
INFO:omxplayer.player:OMXPlayer process is dead, all DBus calls from here will fail
INFO:Rasha_PL:1:Pause
INFO:omxplayer.player:Playing?: False
INFO:Rasha_PL:1:Play
INFO:Rasha_PL:1:Play
INFO:omxplayer.player:Playing?: True
INFO:omxplayer.player:Playing?: True
INFO:omxplayer.player:Playing?: True
INFO:omxplayer.player:Playing?: True
INFO:omxplayer.player:Playing?: True
INFO:omxplayer.player:OMXPlayer process is dead, all DBus calls from here will fail
ERROR:omxplayer.player:Could not find the process to kill
INFO:Rasha_PL:1:Pause
INFO:omxplayer.player:Playing?: False
INFO:Rasha_PL:1:Play
INFO:Rasha_PL:1:Play
INFO:omxplayer.player:Playing?: True
INFO:omxplayer.player:Playing?: True
INFO:omxplayer.player:Playing?: True
INFO:omxplayer.player:Playing?: True
INFO:omxplayer.player:Playing?: True
INFO:omxplayer.player:OMXPlayer process is dead, all DBus calls from here will fail
ERROR:omxplayer.player:Could not find the process to kill
